{"C:\\Users\\WINDOWS\\Documents\\projects\\blog\\app.js": {"path":"C:\\Users\\WINDOWS\\Documents\\projects\\blog\\app.js","statementMap":{"0":{"start":{"line":1,"column":20},"end":{"line":1,"column":42}},"1":{"start":{"line":2,"column":16},"end":{"line":2,"column":34}},"2":{"start":{"line":3,"column":13},"end":{"line":3,"column":28}},"3":{"start":{"line":4,"column":21},"end":{"line":4,"column":45}},"4":{"start":{"line":5,"column":15},"end":{"line":5,"column":32}},"5":{"start":{"line":6,"column":15},"end":{"line":6,"column":32}},"6":{"start":{"line":8,"column":20},"end":{"line":8,"column":45}},"7":{"start":{"line":9,"column":20},"end":{"line":9,"column":45}},"8":{"start":{"line":10,"column":20},"end":{"line":10,"column":45}},"9":{"start":{"line":11,"column":23},"end":{"line":11,"column":51}},"10":{"start":{"line":13,"column":12},"end":{"line":13,"column":21}},"11":{"start":{"line":14,"column":15},"end":{"line":14,"column":44}},"12":{"start":{"line":16,"column":0},"end":{"line":16,"column":30}},"13":{"start":{"line":19,"column":0},"end":{"line":19,"column":48}},"14":{"start":{"line":20,"column":0},"end":{"line":20,"column":31}},"15":{"start":{"line":22,"column":0},"end":{"line":22,"column":23}},"16":{"start":{"line":23,"column":0},"end":{"line":23,"column":24}},"17":{"start":{"line":24,"column":0},"end":{"line":24,"column":49}},"18":{"start":{"line":25,"column":0},"end":{"line":25,"column":24}},"19":{"start":{"line":26,"column":0},"end":{"line":26,"column":56}},"20":{"start":{"line":28,"column":0},"end":{"line":28,"column":26}},"21":{"start":{"line":29,"column":0},"end":{"line":29,"column":35}},"22":{"start":{"line":30,"column":0},"end":{"line":30,"column":35}},"23":{"start":{"line":31,"column":0},"end":{"line":31,"column":41}},"24":{"start":{"line":34,"column":0},"end":{"line":36,"column":3}},"25":{"start":{"line":35,"column":4},"end":{"line":35,"column":27}},"26":{"start":{"line":39,"column":0},"end":{"line":47,"column":3}},"27":{"start":{"line":41,"column":4},"end":{"line":41,"column":37}},"28":{"start":{"line":42,"column":4},"end":{"line":42,"column":71}},"29":{"start":{"line":45,"column":4},"end":{"line":45,"column":34}},"30":{"start":{"line":46,"column":4},"end":{"line":46,"column":24}},"31":{"start":{"line":50,"column":0},"end":{"line":50,"column":24}}},"fnMap":{"0":{"name":"(anonymous_0)","decl":{"start":{"line":34,"column":8},"end":{"line":34,"column":9}},"loc":{"start":{"line":34,"column":33},"end":{"line":36,"column":1}},"line":34},"1":{"name":"(anonymous_1)","decl":{"start":{"line":39,"column":8},"end":{"line":39,"column":9}},"loc":{"start":{"line":39,"column":38},"end":{"line":47,"column":1}},"line":39}},"branchMap":{"0":{"loc":{"start":{"line":42,"column":23},"end":{"line":42,"column":70}},"type":"cond-expr","locations":[{"start":{"line":42,"column":62},"end":{"line":42,"column":65}},{"start":{"line":42,"column":68},"end":{"line":42,"column":70}}],"line":42},"1":{"loc":{"start":{"line":45,"column":15},"end":{"line":45,"column":32}},"type":"binary-expr","locations":[{"start":{"line":45,"column":15},"end":{"line":45,"column":25}},{"start":{"line":45,"column":29},"end":{"line":45,"column":32}}],"line":45}},"s":{"0":3,"1":3,"2":3,"3":3,"4":3,"5":3,"6":3,"7":3,"8":3,"9":3,"10":3,"11":3,"12":3,"13":3,"14":3,"15":3,"16":3,"17":3,"18":3,"19":3,"20":3,"21":3,"22":3,"23":3,"24":3,"25":0,"26":3,"27":0,"28":0,"29":0,"30":0,"31":3},"f":{"0":0,"1":0},"b":{"0":[0,0],"1":[0,0]},"_coverageSchema":"1a1c01bbd47fc00a2c39e90264f33305004495a9","hash":"5e7ad5015122ba679d988965d313cc84f7f67775"}
,"C:\\Users\\WINDOWS\\Documents\\projects\\blog\\controllers\\commentController.js": {"path":"C:\\Users\\WINDOWS\\Documents\\projects\\blog\\controllers\\commentController.js","statementMap":{"0":{"start":{"line":1,"column":28},"end":{"line":1,"column":69}},"1":{"start":{"line":2,"column":17},"end":{"line":2,"column":42}},"2":{"start":{"line":3,"column":34},"end":{"line":3,"column":78}},"3":{"start":{"line":5,"column":0},"end":{"line":9,"column":3}},"4":{"start":{"line":6,"column":21},"end":{"line":6,"column":48}},"5":{"start":{"line":7,"column":4},"end":{"line":7,"column":88}},"6":{"start":{"line":7,"column":30},"end":{"line":7,"column":88}},"7":{"start":{"line":8,"column":4},"end":{"line":8,"column":23}},"8":{"start":{"line":11,"column":0},"end":{"line":19,"column":3}},"9":{"start":{"line":13,"column":22},"end":{"line":13,"column":53}},"10":{"start":{"line":14,"column":4},"end":{"line":14,"column":69}},"11":{"start":{"line":14,"column":15},"end":{"line":14,"column":69}},"12":{"start":{"line":16,"column":17},"end":{"line":16,"column":44}},"13":{"start":{"line":18,"column":4},"end":{"line":18,"column":19}},"14":{"start":{"line":21,"column":0},"end":{"line":25,"column":3}},"15":{"start":{"line":22,"column":20},"end":{"line":22,"column":50}},"16":{"start":{"line":24,"column":4},"end":{"line":24,"column":22}},"17":{"start":{"line":27,"column":0},"end":{"line":31,"column":3}},"18":{"start":{"line":28,"column":20},"end":{"line":28,"column":50}},"19":{"start":{"line":30,"column":4},"end":{"line":30,"column":22}}},"fnMap":{"0":{"name":"(anonymous_0)","decl":{"start":{"line":5,"column":32},"end":{"line":5,"column":33}},"loc":{"start":{"line":5,"column":51},"end":{"line":9,"column":1}},"line":5},"1":{"name":"(anonymous_1)","decl":{"start":{"line":11,"column":33},"end":{"line":11,"column":34}},"loc":{"start":{"line":11,"column":52},"end":{"line":19,"column":1}},"line":11},"2":{"name":"(anonymous_2)","decl":{"start":{"line":21,"column":33},"end":{"line":21,"column":34}},"loc":{"start":{"line":21,"column":52},"end":{"line":25,"column":1}},"line":21},"3":{"name":"(anonymous_3)","decl":{"start":{"line":27,"column":33},"end":{"line":27,"column":34}},"loc":{"start":{"line":27,"column":52},"end":{"line":31,"column":1}},"line":27}},"branchMap":{"0":{"loc":{"start":{"line":7,"column":4},"end":{"line":7,"column":88}},"type":"if","locations":[{"start":{"line":7,"column":4},"end":{"line":7,"column":88}},{"start":{"line":7,"column":4},"end":{"line":7,"column":88}}],"line":7},"1":{"loc":{"start":{"line":14,"column":4},"end":{"line":14,"column":69}},"type":"if","locations":[{"start":{"line":14,"column":4},"end":{"line":14,"column":69}},{"start":{"line":14,"column":4},"end":{"line":14,"column":69}}],"line":14}},"s":{"0":3,"1":3,"2":3,"3":3,"4":2,"5":2,"6":1,"7":1,"8":3,"9":2,"10":2,"11":1,"12":1,"13":1,"14":3,"15":0,"16":0,"17":3,"18":0,"19":0},"f":{"0":2,"1":2,"2":0,"3":0},"b":{"0":[1,1],"1":[1,1]},"_coverageSchema":"1a1c01bbd47fc00a2c39e90264f33305004495a9","hash":"b4cf97fa16534f6d570222de0f2981399c1f1046"}
,"C:\\Users\\WINDOWS\\Documents\\projects\\blog\\controllers\\postController.js": {"path":"C:\\Users\\WINDOWS\\Documents\\projects\\blog\\controllers\\postController.js","statementMap":{"0":{"start":{"line":1,"column":28},"end":{"line":1,"column":69}},"1":{"start":{"line":2,"column":49},"end":{"line":2,"column":90}},"2":{"start":{"line":3,"column":17},"end":{"line":3,"column":42}},"3":{"start":{"line":4,"column":17},"end":{"line":4,"column":36}},"4":{"start":{"line":6,"column":0},"end":{"line":11,"column":3}},"5":{"start":{"line":7,"column":18},"end":{"line":7,"column":37}},"6":{"start":{"line":8,"column":4},"end":{"line":8,"column":95}},"7":{"start":{"line":8,"column":37},"end":{"line":8,"column":95}},"8":{"start":{"line":10,"column":4},"end":{"line":10,"column":20}},"9":{"start":{"line":13,"column":0},"end":{"line":21,"column":3}},"10":{"start":{"line":15,"column":4},"end":{"line":15,"column":104}},"11":{"start":{"line":15,"column":35},"end":{"line":15,"column":104}},"12":{"start":{"line":17,"column":17},"end":{"line":17,"column":43}},"13":{"start":{"line":18,"column":4},"end":{"line":18,"column":117}},"14":{"start":{"line":18,"column":35},"end":{"line":18,"column":117}},"15":{"start":{"line":20,"column":4},"end":{"line":20,"column":19}},"16":{"start":{"line":22,"column":0},"end":{"line":31,"column":3}},"17":{"start":{"line":24,"column":22},"end":{"line":24,"column":47}},"18":{"start":{"line":25,"column":4},"end":{"line":25,"column":69}},"19":{"start":{"line":25,"column":15},"end":{"line":25,"column":69}},"20":{"start":{"line":27,"column":20},"end":{"line":27,"column":46}},"21":{"start":{"line":28,"column":4},"end":{"line":28,"column":77}},"22":{"start":{"line":28,"column":18},"end":{"line":28,"column":77}},"23":{"start":{"line":30,"column":4},"end":{"line":30,"column":22}},"24":{"start":{"line":32,"column":0},"end":{"line":44,"column":3}},"25":{"start":{"line":34,"column":4},"end":{"line":34,"column":118}},"26":{"start":{"line":34,"column":57},"end":{"line":34,"column":118}},"27":{"start":{"line":37,"column":22},"end":{"line":37,"column":51}},"28":{"start":{"line":38,"column":4},"end":{"line":38,"column":69}},"29":{"start":{"line":38,"column":15},"end":{"line":38,"column":69}},"30":{"start":{"line":40,"column":17},"end":{"line":40,"column":43}},"31":{"start":{"line":41,"column":4},"end":{"line":41,"column":79}},"32":{"start":{"line":41,"column":15},"end":{"line":41,"column":79}},"33":{"start":{"line":43,"column":4},"end":{"line":43,"column":19}},"34":{"start":{"line":45,"column":0},"end":{"line":52,"column":3}},"35":{"start":{"line":46,"column":4},"end":{"line":46,"column":118}},"36":{"start":{"line":46,"column":57},"end":{"line":46,"column":118}},"37":{"start":{"line":48,"column":17},"end":{"line":48,"column":43}},"38":{"start":{"line":49,"column":4},"end":{"line":49,"column":100}},"39":{"start":{"line":49,"column":28},"end":{"line":49,"column":100}},"40":{"start":{"line":51,"column":4},"end":{"line":51,"column":19}}},"fnMap":{"0":{"name":"(anonymous_0)","decl":{"start":{"line":6,"column":32},"end":{"line":6,"column":33}},"loc":{"start":{"line":6,"column":51},"end":{"line":11,"column":1}},"line":6},"1":{"name":"(anonymous_1)","decl":{"start":{"line":13,"column":33},"end":{"line":13,"column":34}},"loc":{"start":{"line":13,"column":52},"end":{"line":21,"column":1}},"line":13},"2":{"name":"(anonymous_2)","decl":{"start":{"line":22,"column":33},"end":{"line":22,"column":34}},"loc":{"start":{"line":22,"column":52},"end":{"line":31,"column":1}},"line":22},"3":{"name":"(anonymous_3)","decl":{"start":{"line":32,"column":33},"end":{"line":32,"column":34}},"loc":{"start":{"line":32,"column":52},"end":{"line":44,"column":1}},"line":32},"4":{"name":"(anonymous_4)","decl":{"start":{"line":45,"column":33},"end":{"line":45,"column":34}},"loc":{"start":{"line":45,"column":52},"end":{"line":52,"column":1}},"line":45}},"branchMap":{"0":{"loc":{"start":{"line":8,"column":4},"end":{"line":8,"column":95}},"type":"if","locations":[{"start":{"line":8,"column":4},"end":{"line":8,"column":95}},{"start":{"line":8,"column":4},"end":{"line":8,"column":95}}],"line":8},"1":{"loc":{"start":{"line":8,"column":8},"end":{"line":8,"column":35}},"type":"binary-expr","locations":[{"start":{"line":8,"column":8},"end":{"line":8,"column":14}},{"start":{"line":8,"column":18},"end":{"line":8,"column":35}}],"line":8},"2":{"loc":{"start":{"line":15,"column":4},"end":{"line":15,"column":104}},"type":"if","locations":[{"start":{"line":15,"column":4},"end":{"line":15,"column":104}},{"start":{"line":15,"column":4},"end":{"line":15,"column":104}}],"line":15},"3":{"loc":{"start":{"line":18,"column":4},"end":{"line":18,"column":117}},"type":"if","locations":[{"start":{"line":18,"column":4},"end":{"line":18,"column":117}},{"start":{"line":18,"column":4},"end":{"line":18,"column":117}}],"line":18},"4":{"loc":{"start":{"line":18,"column":8},"end":{"line":18,"column":33}},"type":"binary-expr","locations":[{"start":{"line":18,"column":8},"end":{"line":18,"column":13}},{"start":{"line":18,"column":17},"end":{"line":18,"column":33}}],"line":18},"5":{"loc":{"start":{"line":25,"column":4},"end":{"line":25,"column":69}},"type":"if","locations":[{"start":{"line":25,"column":4},"end":{"line":25,"column":69}},{"start":{"line":25,"column":4},"end":{"line":25,"column":69}}],"line":25},"6":{"loc":{"start":{"line":28,"column":4},"end":{"line":28,"column":77}},"type":"if","locations":[{"start":{"line":28,"column":4},"end":{"line":28,"column":77}},{"start":{"line":28,"column":4},"end":{"line":28,"column":77}}],"line":28},"7":{"loc":{"start":{"line":34,"column":4},"end":{"line":34,"column":118}},"type":"if","locations":[{"start":{"line":34,"column":4},"end":{"line":34,"column":118}},{"start":{"line":34,"column":4},"end":{"line":34,"column":118}}],"line":34},"8":{"loc":{"start":{"line":38,"column":4},"end":{"line":38,"column":69}},"type":"if","locations":[{"start":{"line":38,"column":4},"end":{"line":38,"column":69}},{"start":{"line":38,"column":4},"end":{"line":38,"column":69}}],"line":38},"9":{"loc":{"start":{"line":41,"column":4},"end":{"line":41,"column":79}},"type":"if","locations":[{"start":{"line":41,"column":4},"end":{"line":41,"column":79}},{"start":{"line":41,"column":4},"end":{"line":41,"column":79}}],"line":41},"10":{"loc":{"start":{"line":46,"column":4},"end":{"line":46,"column":118}},"type":"if","locations":[{"start":{"line":46,"column":4},"end":{"line":46,"column":118}},{"start":{"line":46,"column":4},"end":{"line":46,"column":118}}],"line":46},"11":{"loc":{"start":{"line":49,"column":4},"end":{"line":49,"column":100}},"type":"if","locations":[{"start":{"line":49,"column":4},"end":{"line":49,"column":100}},{"start":{"line":49,"column":4},"end":{"line":49,"column":100}}],"line":49}},"s":{"0":3,"1":3,"2":3,"3":3,"4":3,"5":2,"6":2,"7":1,"8":1,"9":3,"10":3,"11":1,"12":2,"13":2,"14":1,"15":1,"16":3,"17":14,"18":14,"19":1,"20":13,"21":13,"22":0,"23":13,"24":3,"25":5,"26":1,"27":4,"28":4,"29":1,"30":3,"31":3,"32":1,"33":2,"34":3,"35":3,"36":1,"37":2,"38":2,"39":1,"40":1},"f":{"0":2,"1":3,"2":14,"3":5,"4":3},"b":{"0":[1,1],"1":[2,2],"2":[1,2],"3":[1,1],"4":[2,2],"5":[1,13],"6":[0,13],"7":[1,4],"8":[1,3],"9":[1,2],"10":[1,2],"11":[1,1]},"_coverageSchema":"1a1c01bbd47fc00a2c39e90264f33305004495a9","hash":"9465254bbe730717fd3075022a582e555fbcabe0"}
,"C:\\Users\\WINDOWS\\Documents\\projects\\blog\\controllers\\userController.js": {"path":"C:\\Users\\WINDOWS\\Documents\\projects\\blog\\controllers\\userController.js","statementMap":{"0":{"start":{"line":1,"column":28},"end":{"line":1,"column":69}},"1":{"start":{"line":2,"column":17},"end":{"line":2,"column":42}},"2":{"start":{"line":3,"column":53},"end":{"line":3,"column":94}},"3":{"start":{"line":4,"column":26},"end":{"line":4,"column":61}},"4":{"start":{"line":6,"column":0},"end":{"line":11,"column":3}},"5":{"start":{"line":7,"column":18},"end":{"line":7,"column":37}},"6":{"start":{"line":8,"column":4},"end":{"line":8,"column":81}},"7":{"start":{"line":8,"column":27},"end":{"line":8,"column":81}},"8":{"start":{"line":10,"column":4},"end":{"line":10,"column":20}},"9":{"start":{"line":13,"column":0},"end":{"line":18,"column":3}},"10":{"start":{"line":14,"column":17},"end":{"line":14,"column":41}},"11":{"start":{"line":15,"column":4},"end":{"line":15,"column":72}},"12":{"start":{"line":15,"column":15},"end":{"line":15,"column":72}},"13":{"start":{"line":17,"column":4},"end":{"line":17,"column":19}},"14":{"start":{"line":20,"column":0},"end":{"line":34,"column":3}},"15":{"start":{"line":22,"column":22},"end":{"line":22,"column":52}},"16":{"start":{"line":23,"column":4},"end":{"line":23,"column":69}},"17":{"start":{"line":23,"column":15},"end":{"line":23,"column":69}},"18":{"start":{"line":26,"column":17},"end":{"line":26,"column":41}},"19":{"start":{"line":27,"column":4},"end":{"line":27,"column":79}},"20":{"start":{"line":27,"column":15},"end":{"line":27,"column":79}},"21":{"start":{"line":30,"column":18},"end":{"line":30,"column":37}},"22":{"start":{"line":33,"column":4},"end":{"line":33,"column":54}},"23":{"start":{"line":36,"column":0},"end":{"line":47,"column":3}},"24":{"start":{"line":38,"column":22},"end":{"line":38,"column":50}},"25":{"start":{"line":39,"column":4},"end":{"line":39,"column":69}},"26":{"start":{"line":39,"column":15},"end":{"line":39,"column":69}},"27":{"start":{"line":41,"column":24},"end":{"line":41,"column":50}},"28":{"start":{"line":42,"column":4},"end":{"line":42,"column":86}},"29":{"start":{"line":42,"column":22},"end":{"line":42,"column":86}},"30":{"start":{"line":45,"column":18},"end":{"line":45,"column":44}},"31":{"start":{"line":46,"column":4},"end":{"line":46,"column":61}},"32":{"start":{"line":49,"column":0},"end":{"line":54,"column":3}},"33":{"start":{"line":50,"column":17},"end":{"line":50,"column":43}},"34":{"start":{"line":51,"column":4},"end":{"line":51,"column":79}},"35":{"start":{"line":51,"column":15},"end":{"line":51,"column":79}},"36":{"start":{"line":53,"column":4},"end":{"line":53,"column":19}}},"fnMap":{"0":{"name":"(anonymous_0)","decl":{"start":{"line":6,"column":32},"end":{"line":6,"column":33}},"loc":{"start":{"line":6,"column":51},"end":{"line":11,"column":1}},"line":6},"1":{"name":"(anonymous_1)","decl":{"start":{"line":13,"column":33},"end":{"line":13,"column":34}},"loc":{"start":{"line":13,"column":52},"end":{"line":18,"column":1}},"line":13},"2":{"name":"(anonymous_2)","decl":{"start":{"line":20,"column":33},"end":{"line":20,"column":34}},"loc":{"start":{"line":20,"column":52},"end":{"line":34,"column":1}},"line":20},"3":{"name":"(anonymous_3)","decl":{"start":{"line":36,"column":33},"end":{"line":36,"column":34}},"loc":{"start":{"line":36,"column":52},"end":{"line":47,"column":1}},"line":36},"4":{"name":"(anonymous_4)","decl":{"start":{"line":49,"column":33},"end":{"line":49,"column":34}},"loc":{"start":{"line":49,"column":52},"end":{"line":54,"column":1}},"line":49}},"branchMap":{"0":{"loc":{"start":{"line":8,"column":4},"end":{"line":8,"column":81}},"type":"if","locations":[{"start":{"line":8,"column":4},"end":{"line":8,"column":81}},{"start":{"line":8,"column":4},"end":{"line":8,"column":81}}],"line":8},"1":{"loc":{"start":{"line":15,"column":4},"end":{"line":15,"column":72}},"type":"if","locations":[{"start":{"line":15,"column":4},"end":{"line":15,"column":72}},{"start":{"line":15,"column":4},"end":{"line":15,"column":72}}],"line":15},"2":{"loc":{"start":{"line":23,"column":4},"end":{"line":23,"column":69}},"type":"if","locations":[{"start":{"line":23,"column":4},"end":{"line":23,"column":69}},{"start":{"line":23,"column":4},"end":{"line":23,"column":69}}],"line":23},"3":{"loc":{"start":{"line":27,"column":4},"end":{"line":27,"column":79}},"type":"if","locations":[{"start":{"line":27,"column":4},"end":{"line":27,"column":79}},{"start":{"line":27,"column":4},"end":{"line":27,"column":79}}],"line":27},"4":{"loc":{"start":{"line":39,"column":4},"end":{"line":39,"column":69}},"type":"if","locations":[{"start":{"line":39,"column":4},"end":{"line":39,"column":69}},{"start":{"line":39,"column":4},"end":{"line":39,"column":69}}],"line":39},"5":{"loc":{"start":{"line":42,"column":4},"end":{"line":42,"column":86}},"type":"if","locations":[{"start":{"line":42,"column":4},"end":{"line":42,"column":86}},{"start":{"line":42,"column":4},"end":{"line":42,"column":86}}],"line":42},"6":{"loc":{"start":{"line":51,"column":4},"end":{"line":51,"column":79}},"type":"if","locations":[{"start":{"line":51,"column":4},"end":{"line":51,"column":79}},{"start":{"line":51,"column":4},"end":{"line":51,"column":79}}],"line":51}},"s":{"0":3,"1":3,"2":3,"3":3,"4":3,"5":2,"6":2,"7":1,"8":1,"9":3,"10":2,"11":2,"12":1,"13":1,"14":3,"15":8,"16":8,"17":1,"18":7,"19":7,"20":0,"21":7,"22":7,"23":3,"24":2,"25":2,"26":1,"27":1,"28":1,"29":0,"30":1,"31":1,"32":3,"33":1,"34":1,"35":0,"36":1},"f":{"0":2,"1":2,"2":8,"3":2,"4":1},"b":{"0":[1,1],"1":[1,1],"2":[1,7],"3":[0,7],"4":[1,1],"5":[0,1],"6":[0,1]},"_coverageSchema":"1a1c01bbd47fc00a2c39e90264f33305004495a9","hash":"eb3f08060506d3898155d7bc054e076edd0d5c2b"}
,"C:\\Users\\WINDOWS\\Documents\\projects\\blog\\helpers\\encrypt.js": {"path":"C:\\Users\\WINDOWS\\Documents\\projects\\blog\\helpers\\encrypt.js","statementMap":{"0":{"start":{"line":1,"column":15},"end":{"line":1,"column":32}},"1":{"start":{"line":3,"column":0},"end":{"line":8,"column":1}},"2":{"start":{"line":5,"column":23},"end":{"line":5,"column":25}},"3":{"start":{"line":6,"column":17},"end":{"line":6,"column":49}},"4":{"start":{"line":7,"column":4},"end":{"line":7,"column":45}}},"fnMap":{"0":{"name":"(anonymous_0)","decl":{"start":{"line":3,"column":18},"end":{"line":3,"column":19}},"loc":{"start":{"line":3,"column":37},"end":{"line":8,"column":1}},"line":3}},"branchMap":{},"s":{"0":5,"1":5,"2":25,"3":25,"4":25},"f":{"0":25},"b":{},"_coverageSchema":"1a1c01bbd47fc00a2c39e90264f33305004495a9","hash":"e6302fb48b4e63293e0a9665fba7b0cd5b09fe76"}
,"C:\\Users\\WINDOWS\\Documents\\projects\\blog\\helpers\\manage-tokens.js": {"path":"C:\\Users\\WINDOWS\\Documents\\projects\\blog\\helpers\\manage-tokens.js","statementMap":{"0":{"start":{"line":1,"column":10},"end":{"line":1,"column":33}},"1":{"start":{"line":2,"column":15},"end":{"line":2,"column":40}},"2":{"start":{"line":4,"column":22},"end":{"line":18,"column":1}},"3":{"start":{"line":5,"column":4},"end":{"line":17,"column":5}},"4":{"start":{"line":6,"column":8},"end":{"line":6,"column":79}},"5":{"start":{"line":6,"column":66},"end":{"line":6,"column":79}},"6":{"start":{"line":7,"column":30},"end":{"line":12,"column":9}},"7":{"start":{"line":13,"column":20},"end":{"line":13,"column":45}},"8":{"start":{"line":14,"column":8},"end":{"line":14,"column":44}},"9":{"start":{"line":16,"column":8},"end":{"line":16,"column":21}},"10":{"start":{"line":20,"column":20},"end":{"line":29,"column":1}},"11":{"start":{"line":21,"column":4},"end":{"line":28,"column":5}},"12":{"start":{"line":22,"column":8},"end":{"line":22,"column":63}},"13":{"start":{"line":23,"column":21},"end":{"line":23,"column":60}},"14":{"start":{"line":24,"column":8},"end":{"line":24,"column":37}},"15":{"start":{"line":24,"column":19},"end":{"line":24,"column":37}},"16":{"start":{"line":25,"column":8},"end":{"line":25,"column":20}},"17":{"start":{"line":27,"column":8},"end":{"line":27,"column":21}},"18":{"start":{"line":33,"column":0},"end":{"line":36,"column":2}}},"fnMap":{"0":{"name":"(anonymous_0)","decl":{"start":{"line":4,"column":22},"end":{"line":4,"column":23}},"loc":{"start":{"line":4,"column":32},"end":{"line":18,"column":1}},"line":4},"1":{"name":"(anonymous_1)","decl":{"start":{"line":20,"column":20},"end":{"line":20,"column":21}},"loc":{"start":{"line":20,"column":36},"end":{"line":29,"column":1}},"line":20}},"branchMap":{"0":{"loc":{"start":{"line":6,"column":8},"end":{"line":6,"column":79}},"type":"if","locations":[{"start":{"line":6,"column":8},"end":{"line":6,"column":79}},{"start":{"line":6,"column":8},"end":{"line":6,"column":79}}],"line":6},"1":{"loc":{"start":{"line":6,"column":12},"end":{"line":6,"column":64}},"type":"binary-expr","locations":[{"start":{"line":6,"column":12},"end":{"line":6,"column":23}},{"start":{"line":6,"column":27},"end":{"line":6,"column":37}},{"start":{"line":6,"column":41},"end":{"line":6,"column":50}},{"start":{"line":6,"column":54},"end":{"line":6,"column":64}}],"line":6},"2":{"loc":{"start":{"line":24,"column":8},"end":{"line":24,"column":37}},"type":"if","locations":[{"start":{"line":24,"column":8},"end":{"line":24,"column":37}},{"start":{"line":24,"column":8},"end":{"line":24,"column":37}}],"line":24}},"s":{"0":4,"1":4,"2":4,"3":24,"4":24,"5":1,"6":23,"7":23,"8":23,"9":0,"10":4,"11":27,"12":27,"13":27,"14":27,"15":0,"16":27,"17":0,"18":4},"f":{"0":24,"1":27},"b":{"0":[1,23],"1":[24,1,1,1],"2":[0,27]},"_coverageSchema":"1a1c01bbd47fc00a2c39e90264f33305004495a9","hash":"47b5097cca35f673e285a00f77abdedf51d9819a"}
,"C:\\Users\\WINDOWS\\Documents\\projects\\blog\\init\\db-config.js": {"path":"C:\\Users\\WINDOWS\\Documents\\projects\\blog\\init\\db-config.js","statementMap":{"0":{"start":{"line":1,"column":17},"end":{"line":1,"column":36}},"1":{"start":{"line":2,"column":15},"end":{"line":2,"column":32}},"2":{"start":{"line":4,"column":0},"end":{"line":22,"column":1}},"3":{"start":{"line":6,"column":4},"end":{"line":17,"column":5}},"4":{"start":{"line":7,"column":19},"end":{"line":7,"column":35}},"5":{"start":{"line":8,"column":27},"end":{"line":13,"column":10}},"6":{"start":{"line":16,"column":8},"end":{"line":16,"column":27}},"7":{"start":{"line":19,"column":4},"end":{"line":21,"column":7}},"8":{"start":{"line":20,"column":8},"end":{"line":20,"column":25}}},"fnMap":{"0":{"name":"(anonymous_0)","decl":{"start":{"line":4,"column":17},"end":{"line":4,"column":18}},"loc":{"start":{"line":4,"column":34},"end":{"line":22,"column":1}},"line":4},"1":{"name":"(anonymous_1)","decl":{"start":{"line":19,"column":36},"end":{"line":19,"column":37}},"loc":{"start":{"line":19,"column":43},"end":{"line":21,"column":5}},"line":19}},"branchMap":{},"s":{"0":3,"1":3,"2":3,"3":3,"4":3,"5":3,"6":0,"7":3,"8":0},"f":{"0":3,"1":0},"b":{},"_coverageSchema":"1a1c01bbd47fc00a2c39e90264f33305004495a9","hash":"a450daeea724ec0a2a0c7be9232463b46627c725"}
,"C:\\Users\\WINDOWS\\Documents\\projects\\blog\\init\\server.js": {"path":"C:\\Users\\WINDOWS\\Documents\\projects\\blog\\init\\server.js","statementMap":{"0":{"start":{"line":1,"column":15},"end":{"line":1,"column":32}},"1":{"start":{"line":3,"column":17},"end":{"line":8,"column":1}},"2":{"start":{"line":4,"column":17},"end":{"line":4,"column":55}},"3":{"start":{"line":7,"column":4},"end":{"line":7,"column":28}},"4":{"start":{"line":10,"column":0},"end":{"line":10,"column":26}}},"fnMap":{"0":{"name":"(anonymous_0)","decl":{"start":{"line":3,"column":17},"end":{"line":3,"column":18}},"loc":{"start":{"line":3,"column":26},"end":{"line":8,"column":1}},"line":3}},"branchMap":{"0":{"loc":{"start":{"line":4,"column":17},"end":{"line":4,"column":55}},"type":"binary-expr","locations":[{"start":{"line":4,"column":17},"end":{"line":4,"column":33}},{"start":{"line":4,"column":37},"end":{"line":4,"column":55}}],"line":4}},"s":{"0":3,"1":3,"2":3,"3":3,"4":3},"f":{"0":3},"b":{"0":[3,3]},"_coverageSchema":"1a1c01bbd47fc00a2c39e90264f33305004495a9","hash":"222d146332189d6f416f5df2db01f0c3a3aab9dc"}
,"C:\\Users\\WINDOWS\\Documents\\projects\\blog\\middlewares\\asyncMiddleware.js": {"path":"C:\\Users\\WINDOWS\\Documents\\projects\\blog\\middlewares\\asyncMiddleware.js","statementMap":{"0":{"start":{"line":1,"column":0},"end":{"line":9,"column":1}},"1":{"start":{"line":2,"column":4},"end":{"line":8,"column":5}},"2":{"start":{"line":3,"column":8},"end":{"line":7,"column":9}},"3":{"start":{"line":4,"column":12},"end":{"line":4,"column":36}},"4":{"start":{"line":6,"column":12},"end":{"line":6,"column":20}}},"fnMap":{"0":{"name":"(anonymous_0)","decl":{"start":{"line":1,"column":26},"end":{"line":1,"column":27}},"loc":{"start":{"line":1,"column":39},"end":{"line":9,"column":1}},"line":1},"1":{"name":"(anonymous_1)","decl":{"start":{"line":2,"column":11},"end":{"line":2,"column":12}},"loc":{"start":{"line":2,"column":36},"end":{"line":8,"column":5}},"line":2}},"branchMap":{},"s":{"0":3,"1":42,"2":46,"3":46,"4":0},"f":{"0":42,"1":46},"b":{},"_coverageSchema":"1a1c01bbd47fc00a2c39e90264f33305004495a9","hash":"ef732a5217f323100113c30cf1f489243661939d"}
,"C:\\Users\\WINDOWS\\Documents\\projects\\blog\\middlewares\\auth.js": {"path":"C:\\Users\\WINDOWS\\Documents\\projects\\blog\\middlewares\\auth.js","statementMap":{"0":{"start":{"line":1,"column":15},"end":{"line":1,"column":50}},"1":{"start":{"line":4,"column":4},"end":{"line":12,"column":5}},"2":{"start":{"line":5,"column":22},"end":{"line":5,"column":109}},"3":{"start":{"line":6,"column":29},"end":{"line":6,"column":60}},"4":{"start":{"line":7,"column":8},"end":{"line":7,"column":111}},"5":{"start":{"line":7,"column":54},"end":{"line":7,"column":111}},"6":{"start":{"line":8,"column":8},"end":{"line":8,"column":27}},"7":{"start":{"line":9,"column":8},"end":{"line":9,"column":15}},"8":{"start":{"line":11,"column":8},"end":{"line":11,"column":35}},"9":{"start":{"line":15,"column":0},"end":{"line":15,"column":22}}},"fnMap":{"0":{"name":"auth","decl":{"start":{"line":3,"column":15},"end":{"line":3,"column":19}},"loc":{"start":{"line":3,"column":36},"end":{"line":13,"column":1}},"line":3}},"branchMap":{"0":{"loc":{"start":{"line":5,"column":22},"end":{"line":5,"column":109}},"type":"cond-expr","locations":[{"start":{"line":5,"column":52},"end":{"line":5,"column":102}},{"start":{"line":5,"column":105},"end":{"line":5,"column":109}}],"line":5},"1":{"loc":{"start":{"line":7,"column":8},"end":{"line":7,"column":111}},"type":"if","locations":[{"start":{"line":7,"column":8},"end":{"line":7,"column":111}},{"start":{"line":7,"column":8},"end":{"line":7,"column":111}}],"line":7}},"s":{"0":3,"1":27,"2":27,"3":27,"4":27,"5":0,"6":27,"7":27,"8":0,"9":3},"f":{"0":27},"b":{"0":[27,0],"1":[0,27]},"_coverageSchema":"1a1c01bbd47fc00a2c39e90264f33305004495a9","hash":"f78bd191832ebce5693b6f44225ebc3ba2fb782b"}
,"C:\\Users\\WINDOWS\\Documents\\projects\\blog\\models\\post.js": {"path":"C:\\Users\\WINDOWS\\Documents\\projects\\blog\\models\\post.js","statementMap":{"0":{"start":{"line":1,"column":17},"end":{"line":1,"column":36}},"1":{"start":{"line":3,"column":22},"end":{"line":7,"column":2}},"2":{"start":{"line":9,"column":19},"end":{"line":33,"column":2}},"3":{"start":{"line":38,"column":0},"end":{"line":45,"column":1}},"4":{"start":{"line":39,"column":17},"end":{"line":43,"column":6}},"5":{"start":{"line":44,"column":4},"end":{"line":44,"column":28}},"6":{"start":{"line":47,"column":0},"end":{"line":49,"column":1}},"7":{"start":{"line":48,"column":4},"end":{"line":48,"column":29}},"8":{"start":{"line":51,"column":0},"end":{"line":57,"column":2}},"9":{"start":{"line":53,"column":4},"end":{"line":56,"column":22}},"10":{"start":{"line":59,"column":0},"end":{"line":61,"column":1}},"11":{"start":{"line":60,"column":4},"end":{"line":60,"column":77}},"12":{"start":{"line":64,"column":0},"end":{"line":70,"column":1}},"13":{"start":{"line":65,"column":4},"end":{"line":69,"column":7}},"14":{"start":{"line":72,"column":0},"end":{"line":82,"column":1}},"15":{"start":{"line":73,"column":19},"end":{"line":73,"column":37}},"16":{"start":{"line":74,"column":4},"end":{"line":81,"column":22}},"17":{"start":{"line":84,"column":0},"end":{"line":86,"column":1}},"18":{"start":{"line":85,"column":4},"end":{"line":85,"column":80}},"19":{"start":{"line":88,"column":0},"end":{"line":90,"column":1}},"20":{"start":{"line":89,"column":4},"end":{"line":89,"column":153}},"21":{"start":{"line":92,"column":0},"end":{"line":94,"column":1}},"22":{"start":{"line":93,"column":4},"end":{"line":93,"column":118}},"23":{"start":{"line":96,"column":13},"end":{"line":96,"column":47}},"24":{"start":{"line":98,"column":0},"end":{"line":98,"column":26}}},"fnMap":{"0":{"name":"(anonymous_0)","decl":{"start":{"line":38,"column":32},"end":{"line":38,"column":33}},"loc":{"start":{"line":38,"column":52},"end":{"line":45,"column":1}},"line":38},"1":{"name":"(anonymous_1)","decl":{"start":{"line":47,"column":28},"end":{"line":47,"column":29}},"loc":{"start":{"line":47,"column":45},"end":{"line":49,"column":1}},"line":47},"2":{"name":"(anonymous_2)","decl":{"start":{"line":51,"column":32},"end":{"line":51,"column":33}},"loc":{"start":{"line":51,"column":52},"end":{"line":57,"column":1}},"line":51},"3":{"name":"(anonymous_3)","decl":{"start":{"line":59,"column":32},"end":{"line":59,"column":33}},"loc":{"start":{"line":59,"column":52},"end":{"line":61,"column":1}},"line":59},"4":{"name":"(anonymous_4)","decl":{"start":{"line":64,"column":32},"end":{"line":64,"column":33}},"loc":{"start":{"line":64,"column":46},"end":{"line":70,"column":1}},"line":64},"5":{"name":"(anonymous_5)","decl":{"start":{"line":72,"column":33},"end":{"line":72,"column":34}},"loc":{"start":{"line":72,"column":53},"end":{"line":82,"column":1}},"line":72},"6":{"name":"(anonymous_6)","decl":{"start":{"line":84,"column":33},"end":{"line":84,"column":34}},"loc":{"start":{"line":84,"column":53},"end":{"line":86,"column":1}},"line":84},"7":{"name":"(anonymous_7)","decl":{"start":{"line":88,"column":36},"end":{"line":88,"column":37}},"loc":{"start":{"line":88,"column":56},"end":{"line":90,"column":1}},"line":88},"8":{"name":"(anonymous_8)","decl":{"start":{"line":92,"column":36},"end":{"line":92,"column":37}},"loc":{"start":{"line":92,"column":56},"end":{"line":94,"column":1}},"line":92}},"branchMap":{},"s":{"0":3,"1":3,"2":3,"3":3,"4":13,"5":13,"6":3,"7":2,"8":3,"9":3,"10":3,"11":2,"12":3,"13":2,"14":3,"15":1,"16":1,"17":3,"18":2,"19":3,"20":0,"21":3,"22":0,"23":3,"24":3},"f":{"0":13,"1":2,"2":3,"3":2,"4":2,"5":1,"6":2,"7":0,"8":0},"b":{},"_coverageSchema":"1a1c01bbd47fc00a2c39e90264f33305004495a9","hash":"1e1957918a3252322a6f1c457aacee25326b37aa"}
,"C:\\Users\\WINDOWS\\Documents\\projects\\blog\\models\\user.js": {"path":"C:\\Users\\WINDOWS\\Documents\\projects\\blog\\models\\user.js","statementMap":{"0":{"start":{"line":1,"column":17},"end":{"line":1,"column":36}},"1":{"start":{"line":2,"column":15},"end":{"line":2,"column":44}},"2":{"start":{"line":5,"column":19},"end":{"line":54,"column":2}},"3":{"start":{"line":57,"column":0},"end":{"line":61,"column":1}},"4":{"start":{"line":58,"column":17},"end":{"line":58,"column":32}},"5":{"start":{"line":59,"column":4},"end":{"line":59,"column":25}},"6":{"start":{"line":60,"column":4},"end":{"line":60,"column":16}},"7":{"start":{"line":63,"column":0},"end":{"line":65,"column":1}},"8":{"start":{"line":64,"column":4},"end":{"line":64,"column":69}},"9":{"start":{"line":67,"column":0},"end":{"line":69,"column":1}},"10":{"start":{"line":68,"column":4},"end":{"line":68,"column":61}},"11":{"start":{"line":71,"column":0},"end":{"line":73,"column":1}},"12":{"start":{"line":72,"column":4},"end":{"line":72,"column":53}},"13":{"start":{"line":75,"column":0},"end":{"line":78,"column":1}},"14":{"start":{"line":76,"column":15},"end":{"line":76,"column":47}},"15":{"start":{"line":77,"column":4},"end":{"line":77,"column":43}},"16":{"start":{"line":80,"column":0},"end":{"line":93,"column":2}},"17":{"start":{"line":81,"column":17},"end":{"line":90,"column":6}},"18":{"start":{"line":92,"column":4},"end":{"line":92,"column":29}},"19":{"start":{"line":95,"column":0},"end":{"line":108,"column":2}},"20":{"start":{"line":97,"column":15},"end":{"line":97,"column":47}},"21":{"start":{"line":100,"column":4},"end":{"line":107,"column":22}},"22":{"start":{"line":110,"column":0},"end":{"line":114,"column":3}},"23":{"start":{"line":111,"column":4},"end":{"line":111,"column":52}},"24":{"start":{"line":111,"column":38},"end":{"line":111,"column":52}},"25":{"start":{"line":112,"column":4},"end":{"line":112,"column":56}},"26":{"start":{"line":113,"column":4},"end":{"line":113,"column":11}},"27":{"start":{"line":116,"column":13},"end":{"line":116,"column":47}},"28":{"start":{"line":118,"column":0},"end":{"line":118,"column":26}}},"fnMap":{"0":{"name":"(anonymous_0)","decl":{"start":{"line":57,"column":28},"end":{"line":57,"column":29}},"loc":{"start":{"line":57,"column":39},"end":{"line":61,"column":1}},"line":57},"1":{"name":"(anonymous_1)","decl":{"start":{"line":63,"column":28},"end":{"line":63,"column":29}},"loc":{"start":{"line":63,"column":50},"end":{"line":65,"column":1}},"line":63},"2":{"name":"(anonymous_2)","decl":{"start":{"line":67,"column":27},"end":{"line":67,"column":28}},"loc":{"start":{"line":67,"column":49},"end":{"line":69,"column":1}},"line":67},"3":{"name":"(anonymous_3)","decl":{"start":{"line":71,"column":30},"end":{"line":71,"column":31}},"loc":{"start":{"line":71,"column":50},"end":{"line":73,"column":1}},"line":71},"4":{"name":"(anonymous_4)","decl":{"start":{"line":75,"column":32},"end":{"line":75,"column":33}},"loc":{"start":{"line":75,"column":52},"end":{"line":78,"column":1}},"line":75},"5":{"name":"(anonymous_5)","decl":{"start":{"line":80,"column":30},"end":{"line":80,"column":31}},"loc":{"start":{"line":80,"column":50},"end":{"line":93,"column":1}},"line":80},"6":{"name":"(anonymous_6)","decl":{"start":{"line":95,"column":32},"end":{"line":95,"column":33}},"loc":{"start":{"line":95,"column":52},"end":{"line":108,"column":1}},"line":95},"7":{"name":"(anonymous_7)","decl":{"start":{"line":110,"column":23},"end":{"line":110,"column":24}},"loc":{"start":{"line":110,"column":44},"end":{"line":114,"column":1}},"line":110}},"branchMap":{"0":{"loc":{"start":{"line":111,"column":4},"end":{"line":111,"column":52}},"type":"if","locations":[{"start":{"line":111,"column":4},"end":{"line":111,"column":52}},{"start":{"line":111,"column":4},"end":{"line":111,"column":52}}],"line":111}},"s":{"0":4,"1":4,"2":4,"3":4,"4":12,"5":12,"6":12,"7":4,"8":2,"9":4,"10":2,"11":4,"12":2,"13":4,"14":1,"15":1,"16":4,"17":7,"18":7,"19":4,"20":1,"21":1,"22":4,"23":23,"24":0,"25":23,"26":23,"27":4,"28":4},"f":{"0":12,"1":2,"2":2,"3":2,"4":1,"5":7,"6":1,"7":23},"b":{"0":[0,23]},"_coverageSchema":"1a1c01bbd47fc00a2c39e90264f33305004495a9","hash":"67fee722acad6372e3c4904b6db897925f451d43"}
,"C:\\Users\\WINDOWS\\Documents\\projects\\blog\\routes\\comments.js": {"path":"C:\\Users\\WINDOWS\\Documents\\projects\\blog\\routes\\comments.js","statementMap":{"0":{"start":{"line":1,"column":16},"end":{"line":1,"column":34}},"1":{"start":{"line":2,"column":15},"end":{"line":2,"column":31}},"2":{"start":{"line":3,"column":26},"end":{"line":3,"column":69}},"3":{"start":{"line":4,"column":13},"end":{"line":4,"column":43}},"4":{"start":{"line":7,"column":0},"end":{"line":7,"column":49}},"5":{"start":{"line":8,"column":0},"end":{"line":8,"column":57}},"6":{"start":{"line":9,"column":0},"end":{"line":9,"column":70}},"7":{"start":{"line":10,"column":0},"end":{"line":10,"column":71}},"8":{"start":{"line":12,"column":0},"end":{"line":12,"column":24}}},"fnMap":{},"branchMap":{},"s":{"0":3,"1":3,"2":3,"3":3,"4":3,"5":3,"6":3,"7":3,"8":3},"f":{},"b":{},"_coverageSchema":"1a1c01bbd47fc00a2c39e90264f33305004495a9","hash":"53cd1f3ab27c05a72d9099f42038a321099a22a9"}
,"C:\\Users\\WINDOWS\\Documents\\projects\\blog\\routes\\index.js": {"path":"C:\\Users\\WINDOWS\\Documents\\projects\\blog\\routes\\index.js","statementMap":{"0":{"start":{"line":1,"column":14},"end":{"line":1,"column":32}},"1":{"start":{"line":2,"column":13},"end":{"line":2,"column":29}},"2":{"start":{"line":5,"column":0},"end":{"line":7,"column":3}},"3":{"start":{"line":6,"column":4},"end":{"line":6,"column":46}},"4":{"start":{"line":9,"column":0},"end":{"line":9,"column":24}}},"fnMap":{"0":{"name":"(anonymous_0)","decl":{"start":{"line":5,"column":16},"end":{"line":5,"column":17}},"loc":{"start":{"line":5,"column":41},"end":{"line":7,"column":1}},"line":5}},"branchMap":{},"s":{"0":3,"1":3,"2":3,"3":0,"4":3},"f":{"0":0},"b":{},"_coverageSchema":"1a1c01bbd47fc00a2c39e90264f33305004495a9","hash":"3e66f2228f0e033d2faff1b60503c3b03eb19614"}
,"C:\\Users\\WINDOWS\\Documents\\projects\\blog\\routes\\posts.js": {"path":"C:\\Users\\WINDOWS\\Documents\\projects\\blog\\routes\\posts.js","statementMap":{"0":{"start":{"line":1,"column":16},"end":{"line":1,"column":34}},"1":{"start":{"line":2,"column":15},"end":{"line":2,"column":31}},"2":{"start":{"line":3,"column":23},"end":{"line":3,"column":63}},"3":{"start":{"line":4,"column":13},"end":{"line":4,"column":43}},"4":{"start":{"line":7,"column":0},"end":{"line":7,"column":38}},"5":{"start":{"line":8,"column":0},"end":{"line":8,"column":45}},"6":{"start":{"line":9,"column":0},"end":{"line":9,"column":46}},"7":{"start":{"line":10,"column":0},"end":{"line":10,"column":50}},"8":{"start":{"line":11,"column":0},"end":{"line":11,"column":51}},"9":{"start":{"line":13,"column":0},"end":{"line":13,"column":24}}},"fnMap":{},"branchMap":{},"s":{"0":3,"1":3,"2":3,"3":3,"4":3,"5":3,"6":3,"7":3,"8":3,"9":3},"f":{},"b":{},"_coverageSchema":"1a1c01bbd47fc00a2c39e90264f33305004495a9","hash":"63272ccf9322c8c1a11cf616919d3c0e2d7ea0af"}
,"C:\\Users\\WINDOWS\\Documents\\projects\\blog\\routes\\users.js": {"path":"C:\\Users\\WINDOWS\\Documents\\projects\\blog\\routes\\users.js","statementMap":{"0":{"start":{"line":1,"column":16},"end":{"line":1,"column":34}},"1":{"start":{"line":2,"column":15},"end":{"line":2,"column":31}},"2":{"start":{"line":3,"column":23},"end":{"line":3,"column":63}},"3":{"start":{"line":4,"column":13},"end":{"line":4,"column":43}},"4":{"start":{"line":9,"column":0},"end":{"line":9,"column":38}},"5":{"start":{"line":10,"column":0},"end":{"line":10,"column":42}},"6":{"start":{"line":11,"column":0},"end":{"line":11,"column":40}},"7":{"start":{"line":12,"column":0},"end":{"line":12,"column":49}},"8":{"start":{"line":13,"column":0},"end":{"line":13,"column":50}},"9":{"start":{"line":15,"column":0},"end":{"line":15,"column":24}}},"fnMap":{},"branchMap":{},"s":{"0":3,"1":3,"2":3,"3":3,"4":3,"5":3,"6":3,"7":3,"8":3,"9":3},"f":{},"b":{},"_coverageSchema":"1a1c01bbd47fc00a2c39e90264f33305004495a9","hash":"a87b917b634acf52c40d71fd4e4860bdd304e3c2"}
,"C:\\Users\\WINDOWS\\Documents\\projects\\blog\\validations\\comment-validation.js": {"path":"C:\\Users\\WINDOWS\\Documents\\projects\\blog\\validations\\comment-validation.js","statementMap":{"0":{"start":{"line":1,"column":12},"end":{"line":1,"column":32}},"1":{"start":{"line":4,"column":30},"end":{"line":10,"column":1}},"2":{"start":{"line":5,"column":19},"end":{"line":7,"column":6}},"3":{"start":{"line":9,"column":4},"end":{"line":9,"column":36}},"4":{"start":{"line":13,"column":0},"end":{"line":15,"column":2}}},"fnMap":{"0":{"name":"(anonymous_0)","decl":{"start":{"line":4,"column":30},"end":{"line":4,"column":31}},"loc":{"start":{"line":4,"column":43},"end":{"line":10,"column":1}},"line":4}},"branchMap":{},"s":{"0":3,"1":3,"2":2,"3":2,"4":3},"f":{"0":2},"b":{},"_coverageSchema":"1a1c01bbd47fc00a2c39e90264f33305004495a9","hash":"2d18c11e02279bcfd8227a0be7711fbfc9b85337"}
,"C:\\Users\\WINDOWS\\Documents\\projects\\blog\\validations\\post-validation.js": {"path":"C:\\Users\\WINDOWS\\Documents\\projects\\blog\\validations\\post-validation.js","statementMap":{"0":{"start":{"line":1,"column":12},"end":{"line":1,"column":32}},"1":{"start":{"line":4,"column":24},"end":{"line":11,"column":1}},"2":{"start":{"line":5,"column":19},"end":{"line":8,"column":6}},"3":{"start":{"line":10,"column":4},"end":{"line":10,"column":36}},"4":{"start":{"line":13,"column":28},"end":{"line":20,"column":1}},"5":{"start":{"line":14,"column":19},"end":{"line":17,"column":6}},"6":{"start":{"line":19,"column":4},"end":{"line":19,"column":36}},"7":{"start":{"line":25,"column":0},"end":{"line":28,"column":2}}},"fnMap":{"0":{"name":"(anonymous_0)","decl":{"start":{"line":4,"column":24},"end":{"line":4,"column":25}},"loc":{"start":{"line":4,"column":37},"end":{"line":11,"column":1}},"line":4},"1":{"name":"(anonymous_1)","decl":{"start":{"line":13,"column":28},"end":{"line":13,"column":29}},"loc":{"start":{"line":13,"column":41},"end":{"line":20,"column":1}},"line":13}},"branchMap":{},"s":{"0":3,"1":3,"2":14,"3":14,"4":3,"5":4,"6":4,"7":3},"f":{"0":14,"1":4},"b":{},"_coverageSchema":"1a1c01bbd47fc00a2c39e90264f33305004495a9","hash":"bc1a1be70c00e94f34476742eee52430b0b79e7c"}
,"C:\\Users\\WINDOWS\\Documents\\projects\\blog\\validations\\user-validation.js": {"path":"C:\\Users\\WINDOWS\\Documents\\projects\\blog\\validations\\user-validation.js","statementMap":{"0":{"start":{"line":1,"column":12},"end":{"line":1,"column":32}},"1":{"start":{"line":4,"column":29},"end":{"line":17,"column":1}},"2":{"start":{"line":5,"column":19},"end":{"line":14,"column":6}},"3":{"start":{"line":16,"column":4},"end":{"line":16,"column":36}},"4":{"start":{"line":19,"column":27},"end":{"line":32,"column":1}},"5":{"start":{"line":20,"column":19},"end":{"line":29,"column":6}},"6":{"start":{"line":31,"column":4},"end":{"line":31,"column":36}},"7":{"start":{"line":34,"column":0},"end":{"line":38,"column":2}}},"fnMap":{"0":{"name":"(anonymous_0)","decl":{"start":{"line":4,"column":29},"end":{"line":4,"column":30}},"loc":{"start":{"line":4,"column":42},"end":{"line":17,"column":1}},"line":4},"1":{"name":"(anonymous_1)","decl":{"start":{"line":19,"column":27},"end":{"line":19,"column":28}},"loc":{"start":{"line":19,"column":40},"end":{"line":32,"column":1}},"line":19}},"branchMap":{},"s":{"0":3,"1":3,"2":8,"3":8,"4":3,"5":2,"6":2,"7":3},"f":{"0":8,"1":2},"b":{},"_coverageSchema":"1a1c01bbd47fc00a2c39e90264f33305004495a9","hash":"5f42e75525cec943128e35fe9c0236058f0a0a48"}
}
