TN:
SF:app.js
FN:34,(anonymous_0)
FN:39,(anonymous_1)
FNF:2
FNH:0
FNDA:0,(anonymous_0)
FNDA:0,(anonymous_1)
DA:1,3
DA:2,3
DA:3,3
DA:4,3
DA:5,3
DA:6,3
DA:8,3
DA:9,3
DA:10,3
DA:11,3
DA:13,3
DA:14,3
DA:16,3
DA:19,3
DA:20,3
DA:22,3
DA:23,3
DA:24,3
DA:25,3
DA:26,3
DA:28,3
DA:29,3
DA:30,3
DA:31,3
DA:34,3
DA:35,0
DA:39,3
DA:41,0
DA:42,0
DA:45,0
DA:46,0
DA:50,3
LF:32
LH:27
BRDA:42,0,0,0
BRDA:42,0,1,0
BRDA:45,1,0,0
BRDA:45,1,1,0
BRF:4
BRH:0
end_of_record
TN:
SF:controllers\commentController.js
FN:5,(anonymous_0)
FN:11,(anonymous_1)
FN:21,(anonymous_2)
FN:27,(anonymous_3)
FNF:4
FNH:2
FNDA:2,(anonymous_0)
FNDA:2,(anonymous_1)
FNDA:0,(anonymous_2)
FNDA:0,(anonymous_3)
DA:1,3
DA:2,3
DA:3,3
DA:5,3
DA:6,2
DA:7,2
DA:8,1
DA:11,3
DA:13,2
DA:14,2
DA:16,1
DA:18,1
DA:21,3
DA:22,0
DA:24,0
DA:27,3
DA:28,0
DA:30,0
LF:18
LH:14
BRDA:7,0,0,1
BRDA:7,0,1,1
BRDA:14,1,0,1
BRDA:14,1,1,1
BRF:4
BRH:4
end_of_record
TN:
SF:controllers\postController.js
FN:6,(anonymous_0)
FN:13,(anonymous_1)
FN:22,(anonymous_2)
FN:32,(anonymous_3)
FN:45,(anonymous_4)
FNF:5
FNH:5
FNDA:2,(anonymous_0)
FNDA:3,(anonymous_1)
FNDA:14,(anonymous_2)
FNDA:5,(anonymous_3)
FNDA:3,(anonymous_4)
DA:1,3
DA:2,3
DA:3,3
DA:4,3
DA:6,3
DA:7,2
DA:8,2
DA:10,1
DA:13,3
DA:15,3
DA:17,2
DA:18,2
DA:20,1
DA:22,3
DA:24,14
DA:25,14
DA:27,13
DA:28,13
DA:30,13
DA:32,3
DA:34,5
DA:37,4
DA:38,4
DA:40,3
DA:41,3
DA:43,2
DA:45,3
DA:46,3
DA:48,2
DA:49,2
DA:51,1
LF:31
LH:31
BRDA:8,0,0,1
BRDA:8,0,1,1
BRDA:8,1,0,2
BRDA:8,1,1,2
BRDA:15,2,0,1
BRDA:15,2,1,2
BRDA:18,3,0,1
BRDA:18,3,1,1
BRDA:18,4,0,2
BRDA:18,4,1,2
BRDA:25,5,0,1
BRDA:25,5,1,13
BRDA:28,6,0,0
BRDA:28,6,1,13
BRDA:34,7,0,1
BRDA:34,7,1,4
BRDA:38,8,0,1
BRDA:38,8,1,3
BRDA:41,9,0,1
BRDA:41,9,1,2
BRDA:46,10,0,1
BRDA:46,10,1,2
BRDA:49,11,0,1
BRDA:49,11,1,1
BRF:24
BRH:23
end_of_record
TN:
SF:controllers\userController.js
FN:6,(anonymous_0)
FN:13,(anonymous_1)
FN:20,(anonymous_2)
FN:36,(anonymous_3)
FN:47,(anonymous_4)
FNF:5
FNH:5
FNDA:2,(anonymous_0)
FNDA:2,(anonymous_1)
FNDA:8,(anonymous_2)
FNDA:2,(anonymous_3)
FNDA:1,(anonymous_4)
DA:1,3
DA:2,3
DA:3,3
DA:4,3
DA:6,3
DA:7,2
DA:8,2
DA:10,1
DA:13,3
DA:14,2
DA:15,2
DA:17,1
DA:20,3
DA:22,8
DA:23,8
DA:26,7
DA:27,7
DA:30,7
DA:33,7
DA:36,3
DA:38,2
DA:39,2
DA:41,1
DA:42,1
DA:44,1
DA:47,3
DA:48,1
DA:49,1
DA:51,1
LF:29
LH:29
BRDA:8,0,0,1
BRDA:8,0,1,1
BRDA:15,1,0,1
BRDA:15,1,1,1
BRDA:23,2,0,1
BRDA:23,2,1,7
BRDA:27,3,0,0
BRDA:27,3,1,7
BRDA:39,4,0,1
BRDA:39,4,1,1
BRDA:42,5,0,0
BRDA:42,5,1,1
BRDA:49,6,0,0
BRDA:49,6,1,1
BRF:14
BRH:11
end_of_record
TN:
SF:helpers\encrypt.js
FN:3,(anonymous_0)
FNF:1
FNH:1
FNDA:25,(anonymous_0)
DA:1,5
DA:3,5
DA:5,25
DA:6,25
DA:7,25
LF:5
LH:5
BRF:0
BRH:0
end_of_record
TN:
SF:helpers\manage-tokens.js
FN:3,(anonymous_0)
FN:23,(anonymous_1)
FNF:2
FNH:2
FNDA:23,(anonymous_0)
FNDA:27,(anonymous_1)
DA:1,4
DA:3,4
DA:4,23
DA:6,23
DA:8,22
DA:15,22
DA:16,22
DA:19,0
DA:23,4
DA:24,27
DA:25,27
DA:26,27
DA:28,0
DA:32,4
LF:14
LH:12
BRDA:6,0,0,1
BRDA:6,0,1,22
BRDA:6,1,0,23
BRDA:6,1,1,1
BRDA:6,1,2,1
BRDA:6,1,3,1
BRF:6
BRH:6
end_of_record
TN:
SF:init\db-config.js
FN:4,(anonymous_0)
FN:19,(anonymous_1)
FNF:2
FNH:1
FNDA:3,(anonymous_0)
FNDA:0,(anonymous_1)
DA:1,3
DA:2,3
DA:4,3
DA:6,3
DA:7,3
DA:8,3
DA:16,0
DA:19,3
DA:20,0
LF:9
LH:7
BRF:0
BRH:0
end_of_record
TN:
SF:init\server.js
FN:3,(anonymous_0)
FNF:1
FNH:1
FNDA:3,(anonymous_0)
DA:1,3
DA:3,3
DA:4,3
DA:7,3
DA:10,3
LF:5
LH:5
BRDA:4,0,0,3
BRDA:4,0,1,3
BRF:2
BRH:2
end_of_record
TN:
SF:middlewares\asyncMiddleware.js
FN:1,(anonymous_0)
FN:2,(anonymous_1)
FNF:2
FNH:2
FNDA:42,(anonymous_0)
FNDA:46,(anonymous_1)
DA:1,3
DA:2,42
DA:3,46
DA:4,46
DA:6,0
LF:5
LH:4
BRF:0
BRH:0
end_of_record
TN:
SF:middlewares\auth.js
FN:8,auth
FNF:1
FNH:1
FNDA:27,auth
DA:1,3
DA:2,3
DA:3,3
DA:9,27
DA:10,27
DA:11,27
DA:12,27
DA:13,27
DA:14,27
DA:16,27
DA:18,0
DA:22,3
LF:12
LH:11
BRDA:11,0,0,0
BRDA:11,0,1,27
BRF:2
BRH:1
end_of_record
TN:
SF:models\post.js
FN:36,(anonymous_0)
FN:45,(anonymous_1)
FN:49,(anonymous_2)
FN:57,(anonymous_3)
FN:62,(anonymous_4)
FN:70,(anonymous_5)
FN:82,(anonymous_6)
FN:86,(anonymous_7)
FN:90,(anonymous_8)
FNF:9
FNH:7
FNDA:13,(anonymous_0)
FNDA:2,(anonymous_1)
FNDA:3,(anonymous_2)
FNDA:2,(anonymous_3)
FNDA:2,(anonymous_4)
FNDA:1,(anonymous_5)
FNDA:2,(anonymous_6)
FNDA:0,(anonymous_7)
FNDA:0,(anonymous_8)
DA:1,3
DA:3,3
DA:9,3
DA:36,3
DA:37,13
DA:42,13
DA:45,3
DA:46,2
DA:49,3
DA:51,3
DA:57,3
DA:58,2
DA:62,3
DA:63,2
DA:70,3
DA:71,1
DA:72,1
DA:82,3
DA:83,2
DA:86,3
DA:87,0
DA:90,3
DA:91,0
DA:94,3
DA:96,3
LF:25
LH:23
BRF:0
BRH:0
end_of_record
TN:
SF:models\user.js
FN:56,(anonymous_0)
FN:60,(anonymous_1)
FN:64,(anonymous_2)
FN:68,(anonymous_3)
FN:73,(anonymous_4)
FN:88,(anonymous_5)
FN:103,(anonymous_6)
FNF:7
FNH:7
FNDA:2,(anonymous_0)
FNDA:29,(anonymous_1)
FNDA:2,(anonymous_2)
FNDA:1,(anonymous_3)
FNDA:7,(anonymous_4)
FNDA:1,(anonymous_5)
FNDA:23,(anonymous_6)
DA:1,4
DA:2,4
DA:5,4
DA:56,4
DA:57,2
DA:60,4
DA:61,29
DA:64,4
DA:65,2
DA:68,4
DA:69,1
DA:70,1
DA:73,4
DA:74,7
DA:85,7
DA:88,4
DA:90,1
DA:93,1
DA:103,4
DA:104,23
DA:105,23
DA:106,23
DA:109,4
DA:111,4
LF:24
LH:24
BRDA:104,0,0,0
BRDA:104,0,1,23
BRF:2
BRH:1
end_of_record
TN:
SF:routes\comments.js
FNF:0
FNH:0
DA:1,3
DA:2,3
DA:3,3
DA:4,3
DA:7,3
DA:8,3
DA:9,3
DA:10,3
DA:12,3
LF:9
LH:9
BRF:0
BRH:0
end_of_record
TN:
SF:routes\index.js
FN:5,(anonymous_0)
FNF:1
FNH:0
FNDA:0,(anonymous_0)
DA:1,3
DA:2,3
DA:5,3
DA:6,0
DA:9,3
LF:5
LH:4
BRF:0
BRH:0
end_of_record
TN:
SF:routes\posts.js
FNF:0
FNH:0
DA:1,3
DA:2,3
DA:3,3
DA:4,3
DA:7,3
DA:8,3
DA:9,3
DA:10,3
DA:11,3
DA:13,3
LF:10
LH:10
BRF:0
BRH:0
end_of_record
TN:
SF:routes\users.js
FNF:0
FNH:0
DA:1,3
DA:2,3
DA:3,3
DA:4,3
DA:9,3
DA:10,3
DA:11,3
DA:12,3
DA:13,3
DA:15,3
LF:10
LH:10
BRF:0
BRH:0
end_of_record
TN:
SF:validations\comment-validation.js
FN:4,(anonymous_0)
FNF:1
FNH:1
FNDA:2,(anonymous_0)
DA:1,3
DA:4,3
DA:5,2
DA:9,2
DA:13,3
LF:5
LH:5
BRF:0
BRH:0
end_of_record
TN:
SF:validations\post-validation.js
FN:4,(anonymous_0)
FN:13,(anonymous_1)
FNF:2
FNH:2
FNDA:14,(anonymous_0)
FNDA:4,(anonymous_1)
DA:1,3
DA:4,3
DA:5,14
DA:10,14
DA:13,3
DA:14,4
DA:19,4
DA:25,3
LF:8
LH:8
BRF:0
BRH:0
end_of_record
TN:
SF:validations\user-validation.js
FN:4,(anonymous_0)
FN:19,(anonymous_1)
FNF:2
FNH:2
FNDA:8,(anonymous_0)
FNDA:2,(anonymous_1)
DA:1,3
DA:4,3
DA:5,8
DA:16,8
DA:19,3
DA:20,2
DA:31,2
DA:34,3
LF:8
LH:8
BRF:0
BRH:0
end_of_record
