TN:
SF:app.js
FN:34,(anonymous_0)
FN:39,(anonymous_1)
FNF:2
FNH:0
FNDA:0,(anonymous_0)
FNDA:0,(anonymous_1)
DA:1,3
DA:2,3
DA:3,3
DA:4,3
DA:5,3
DA:6,3
DA:8,3
DA:9,3
DA:10,3
DA:11,3
DA:13,3
DA:14,3
DA:16,3
DA:19,3
DA:20,3
DA:22,3
DA:23,3
DA:24,3
DA:25,3
DA:26,3
DA:28,3
DA:29,3
DA:30,3
DA:31,3
DA:34,3
DA:35,0
DA:39,3
DA:41,0
DA:42,0
DA:45,0
DA:46,0
DA:50,3
LF:32
LH:27
BRDA:42,0,0,0
BRDA:42,0,1,0
BRDA:45,1,0,0
BRDA:45,1,1,0
BRF:4
BRH:0
end_of_record
TN:
SF:controllers\commentController.js
FN:5,(anonymous_0)
FN:11,(anonymous_1)
FN:21,(anonymous_2)
FN:27,(anonymous_3)
FNF:4
FNH:2
FNDA:2,(anonymous_0)
FNDA:2,(anonymous_1)
FNDA:0,(anonymous_2)
FNDA:0,(anonymous_3)
DA:1,3
DA:2,3
DA:3,3
DA:5,3
DA:6,2
DA:7,2
DA:8,1
DA:11,3
DA:13,2
DA:14,2
DA:16,1
DA:18,1
DA:21,3
DA:22,0
DA:24,0
DA:27,3
DA:28,0
DA:30,0
LF:18
LH:14
BRDA:7,0,0,1
BRDA:7,0,1,1
BRDA:14,1,0,1
BRDA:14,1,1,1
BRF:4
BRH:4
end_of_record
TN:
SF:controllers\postController.js
FN:6,(anonymous_0)
FN:13,(anonymous_1)
FN:22,(anonymous_2)
FN:32,(anonymous_3)
FN:45,(anonymous_4)
FNF:5
FNH:5
FNDA:2,(anonymous_0)
FNDA:3,(anonymous_1)
FNDA:14,(anonymous_2)
FNDA:5,(anonymous_3)
FNDA:3,(anonymous_4)
DA:1,3
DA:2,3
DA:3,3
DA:4,3
DA:6,3
DA:7,2
DA:8,2
DA:10,1
DA:13,3
DA:15,3
DA:17,2
DA:18,2
DA:20,1
DA:22,3
DA:24,14
DA:25,14
DA:27,13
DA:28,13
DA:30,13
DA:32,3
DA:34,5
DA:37,4
DA:38,4
DA:40,3
DA:41,3
DA:43,2
DA:45,3
DA:46,3
DA:48,2
DA:49,2
DA:51,1
LF:31
LH:31
BRDA:8,0,0,1
BRDA:8,0,1,1
BRDA:8,1,0,2
BRDA:8,1,1,2
BRDA:15,2,0,1
BRDA:15,2,1,2
BRDA:18,3,0,1
BRDA:18,3,1,1
BRDA:18,4,0,2
BRDA:18,4,1,2
BRDA:25,5,0,1
BRDA:25,5,1,13
BRDA:28,6,0,0
BRDA:28,6,1,13
BRDA:34,7,0,1
BRDA:34,7,1,4
BRDA:38,8,0,1
BRDA:38,8,1,3
BRDA:41,9,0,1
BRDA:41,9,1,2
BRDA:46,10,0,1
BRDA:46,10,1,2
BRDA:49,11,0,1
BRDA:49,11,1,1
BRF:24
BRH:23
end_of_record
TN:
SF:controllers\userController.js
FN:6,(anonymous_0)
FN:13,(anonymous_1)
FN:20,(anonymous_2)
FN:36,(anonymous_3)
FN:49,(anonymous_4)
FNF:5
FNH:5
FNDA:2,(anonymous_0)
FNDA:2,(anonymous_1)
FNDA:8,(anonymous_2)
FNDA:2,(anonymous_3)
FNDA:1,(anonymous_4)
DA:1,3
DA:2,3
DA:3,3
DA:4,3
DA:6,3
DA:7,2
DA:8,2
DA:10,1
DA:13,3
DA:14,2
DA:15,2
DA:17,1
DA:20,3
DA:22,8
DA:23,8
DA:26,7
DA:27,7
DA:30,7
DA:33,7
DA:36,3
DA:38,2
DA:39,2
DA:41,1
DA:42,1
DA:45,1
DA:46,1
DA:49,3
DA:50,1
DA:51,1
DA:53,1
LF:30
LH:30
BRDA:8,0,0,1
BRDA:8,0,1,1
BRDA:15,1,0,1
BRDA:15,1,1,1
BRDA:23,2,0,1
BRDA:23,2,1,7
BRDA:27,3,0,0
BRDA:27,3,1,7
BRDA:39,4,0,1
BRDA:39,4,1,1
BRDA:42,5,0,0
BRDA:42,5,1,1
BRDA:51,6,0,0
BRDA:51,6,1,1
BRF:14
BRH:11
end_of_record
TN:
SF:helpers\encrypt.js
FN:3,(anonymous_0)
FNF:1
FNH:1
FNDA:25,(anonymous_0)
DA:1,5
DA:3,5
DA:5,25
DA:6,25
DA:7,25
LF:5
LH:5
BRF:0
BRH:0
end_of_record
TN:
SF:helpers\manage-tokens.js
FN:4,(anonymous_0)
FN:20,(anonymous_1)
FNF:2
FNH:2
FNDA:24,(anonymous_0)
FNDA:27,(anonymous_1)
DA:1,4
DA:2,4
DA:4,4
DA:5,24
DA:6,24
DA:7,23
DA:13,23
DA:14,23
DA:16,0
DA:20,4
DA:21,27
DA:22,27
DA:23,27
DA:24,27
DA:25,27
DA:27,0
DA:33,4
LF:17
LH:15
BRDA:6,0,0,1
BRDA:6,0,1,23
BRDA:6,1,0,24
BRDA:6,1,1,1
BRDA:6,1,2,1
BRDA:6,1,3,1
BRDA:24,2,0,0
BRDA:24,2,1,27
BRF:8
BRH:7
end_of_record
TN:
SF:init\db-config.js
FN:4,(anonymous_0)
FN:19,(anonymous_1)
FNF:2
FNH:1
FNDA:3,(anonymous_0)
FNDA:0,(anonymous_1)
DA:1,3
DA:2,3
DA:4,3
DA:6,3
DA:7,3
DA:8,3
DA:16,0
DA:19,3
DA:20,0
LF:9
LH:7
BRF:0
BRH:0
end_of_record
TN:
SF:init\server.js
FN:3,(anonymous_0)
FNF:1
FNH:1
FNDA:3,(anonymous_0)
DA:1,3
DA:3,3
DA:4,3
DA:7,3
DA:10,3
LF:5
LH:5
BRDA:4,0,0,3
BRDA:4,0,1,3
BRF:2
BRH:2
end_of_record
TN:
SF:middlewares\asyncMiddleware.js
FN:1,(anonymous_0)
FN:2,(anonymous_1)
FNF:2
FNH:2
FNDA:42,(anonymous_0)
FNDA:46,(anonymous_1)
DA:1,3
DA:2,42
DA:3,46
DA:4,46
DA:6,0
LF:5
LH:4
BRF:0
BRH:0
end_of_record
TN:
SF:middlewares\auth.js
FN:3,auth
FNF:1
FNH:1
FNDA:27,auth
DA:1,3
DA:4,27
DA:5,27
DA:6,27
DA:7,27
DA:8,27
DA:9,27
DA:11,0
DA:15,3
LF:9
LH:8
BRDA:5,0,0,27
BRDA:5,0,1,0
BRDA:7,1,0,0
BRDA:7,1,1,27
BRF:4
BRH:2
end_of_record
TN:
SF:models\post.js
FN:38,(anonymous_0)
FN:47,(anonymous_1)
FN:51,(anonymous_2)
FN:59,(anonymous_3)
FN:64,(anonymous_4)
FN:72,(anonymous_5)
FN:84,(anonymous_6)
FN:88,(anonymous_7)
FN:92,(anonymous_8)
FNF:9
FNH:7
FNDA:13,(anonymous_0)
FNDA:2,(anonymous_1)
FNDA:3,(anonymous_2)
FNDA:2,(anonymous_3)
FNDA:2,(anonymous_4)
FNDA:1,(anonymous_5)
FNDA:2,(anonymous_6)
FNDA:0,(anonymous_7)
FNDA:0,(anonymous_8)
DA:1,3
DA:3,3
DA:9,3
DA:38,3
DA:39,13
DA:44,13
DA:47,3
DA:48,2
DA:51,3
DA:53,3
DA:59,3
DA:60,2
DA:64,3
DA:65,2
DA:72,3
DA:73,1
DA:74,1
DA:84,3
DA:85,2
DA:88,3
DA:89,0
DA:92,3
DA:93,0
DA:96,3
DA:98,3
LF:25
LH:23
BRF:0
BRH:0
end_of_record
TN:
SF:models\user.js
FN:57,(anonymous_0)
FN:63,(anonymous_1)
FN:67,(anonymous_2)
FN:71,(anonymous_3)
FN:75,(anonymous_4)
FN:80,(anonymous_5)
FN:95,(anonymous_6)
FN:110,(anonymous_7)
FNF:8
FNH:8
FNDA:12,(anonymous_0)
FNDA:2,(anonymous_1)
FNDA:2,(anonymous_2)
FNDA:2,(anonymous_3)
FNDA:1,(anonymous_4)
FNDA:7,(anonymous_5)
FNDA:1,(anonymous_6)
FNDA:23,(anonymous_7)
DA:1,4
DA:2,4
DA:5,4
DA:57,4
DA:58,12
DA:59,12
DA:60,12
DA:63,4
DA:64,2
DA:67,4
DA:68,2
DA:71,4
DA:72,2
DA:75,4
DA:76,1
DA:77,1
DA:80,4
DA:81,7
DA:92,7
DA:95,4
DA:97,1
DA:100,1
DA:110,4
DA:111,23
DA:112,23
DA:113,23
DA:116,4
DA:118,4
LF:28
LH:28
BRDA:111,0,0,0
BRDA:111,0,1,23
BRF:2
BRH:1
end_of_record
TN:
SF:routes\comments.js
FNF:0
FNH:0
DA:1,3
DA:2,3
DA:3,3
DA:4,3
DA:7,3
DA:8,3
DA:9,3
DA:10,3
DA:12,3
LF:9
LH:9
BRF:0
BRH:0
end_of_record
TN:
SF:routes\index.js
FN:5,(anonymous_0)
FNF:1
FNH:0
FNDA:0,(anonymous_0)
DA:1,3
DA:2,3
DA:5,3
DA:6,0
DA:9,3
LF:5
LH:4
BRF:0
BRH:0
end_of_record
TN:
SF:routes\posts.js
FNF:0
FNH:0
DA:1,3
DA:2,3
DA:3,3
DA:4,3
DA:7,3
DA:8,3
DA:9,3
DA:10,3
DA:11,3
DA:13,3
LF:10
LH:10
BRF:0
BRH:0
end_of_record
TN:
SF:routes\users.js
FNF:0
FNH:0
DA:1,3
DA:2,3
DA:3,3
DA:4,3
DA:9,3
DA:10,3
DA:11,3
DA:12,3
DA:13,3
DA:15,3
LF:10
LH:10
BRF:0
BRH:0
end_of_record
TN:
SF:validations\comment-validation.js
FN:4,(anonymous_0)
FNF:1
FNH:1
FNDA:2,(anonymous_0)
DA:1,3
DA:4,3
DA:5,2
DA:9,2
DA:13,3
LF:5
LH:5
BRF:0
BRH:0
end_of_record
TN:
SF:validations\post-validation.js
FN:4,(anonymous_0)
FN:13,(anonymous_1)
FNF:2
FNH:2
FNDA:14,(anonymous_0)
FNDA:4,(anonymous_1)
DA:1,3
DA:4,3
DA:5,14
DA:10,14
DA:13,3
DA:14,4
DA:19,4
DA:25,3
LF:8
LH:8
BRF:0
BRH:0
end_of_record
TN:
SF:validations\user-validation.js
FN:4,(anonymous_0)
FN:19,(anonymous_1)
FNF:2
FNH:2
FNDA:8,(anonymous_0)
FNDA:2,(anonymous_1)
DA:1,3
DA:4,3
DA:5,8
DA:16,8
DA:19,3
DA:20,2
DA:31,2
DA:34,3
LF:8
LH:8
BRF:0
BRH:0
end_of_record
